<?xml version="1.0" encoding="UTF-8"?>
<testsuite xmlns:xsi="http://www.w3.org/2001/XMLSchema-instance" xsi:noNamespaceSchemaLocation="https://maven.apache.org/surefire/maven-surefire-plugin/xsd/surefire-test-report.xsd" version="3.0.1" name="com.mycompany.app.CalculatorTest" time="0.062" tests="7" errors="0" skipped="0" failures="0">
  <properties>
[...]
</properties>
  <testcase name="testSqrtNegative" classname="com.mycompany.app.CalculatorTest" time="0.022"/>
  <testcase name="testDivideByZero" classname="com.mycompany.app.CalculatorTest" time="0.002"/>
  <testcase name="testAdd" classname="com.mycompany.app.CalculatorTest" time="0.003"/>
  <testcase name="testSubtract" classname="com.mycompany.app.CalculatorTest" time="0.001"/>
  <testcase name="testSqrt" classname="com.mycompany.app.CalculatorTest" time="0.001"/>
  <testcase name="testDivide" classname="com.mycompany.app.CalculatorTest" time="0.002"/>
  <testcase name="testMultiply" classname="com.mycompany.app.CalculatorTest" time="0.002"/>
</testsuite>